[0m18:54:33.254580 [debug] [MainThread]: Sending event: {'category': 'dbt', 'action': 'invocation', 'label': 'start', 'context': [<snowplow_tracker.self_describing_json.SelfDescribingJson object at 0x10c08a7b0>, <snowplow_tracker.self_describing_json.SelfDescribingJson object at 0x10d24f610>, <snowplow_tracker.self_describing_json.SelfDescribingJson object at 0x10d24f890>]}


============================== 18:54:33.256922 | 65046e99-d9c4-4d2c-809e-e11a94faa4f4 ==============================
[0m18:54:33.256922 [info ] [MainThread]: Running with dbt=1.11.12
[0m18:54:33.257187 [debug] [MainThread]: running dbt with arguments {'use_experimental_parser': 'False', 'use_colors': 'True', 'empty': 'None', 'log_format': 'default', 'send_anonymous_usage_stats': 'True', 'profiles_dir': '/Users/dg03/.dbt', 'target_path': 'None', 'write_json': 'True', 'version_check': 'True', 'debug': 'False', 'log_cache_events': 'False', 'printer_width': '80', 'invocation_command': 'dbt init', 'fail_fast': 'False', 'partial_parse': 'True', 'warn_error': 'None', 'warn_error_options': 'WarnErrorOptionsV2(error=[], warn=[], silence=[])', 'no_print': 'None', 'log_path': 'logs', 'introspect': 'True', 'cache_selected_only': 'False', 'static_parser': 'True', 'quiet': 'False', 'indirect_selection': 'eager'}
[0m18:54:33.264154 [info ] [MainThread]: Creating dbt configuration folder at /Users/dg03/.dbt
[0m18:54:57.329539 [debug] [MainThread]: Starter project path: /Users/dg03/Desktop/Projects-Repos/gharchive-pipeline/venv/lib/python3.13/site-packages/dbt/include/starter_project
[0m18:54:57.343878 [info ] [MainThread]: 
Your new dbt project "gharchive_dbt" was created!

For more information on how to configure the profiles.yml file,
please consult the dbt documentation here:

  https://docs.getdbt.com/docs/configure-your-profile

One more thing:

Need help? Don't hesitate to reach out to us via GitHub issues or on Slack:

  https://community.getdbt.com/

Happy modeling!

[0m18:54:57.344408 [info ] [MainThread]: Setting up your profile.
[0m18:56:37.549613 [info ] [MainThread]: Profile gharchive_dbt written to /Users/dg03/.dbt/profiles.yml using target's profile_template.yml and your supplied values. Run 'dbt debug' to validate the connection.
[0m18:56:37.951173 [debug] [MainThread]: Resource report: {"command_name": "init", "command_success": true, "command_wall_clock_time": 124.72941, "process_in_blocks": "0", "process_kernel_time": 0.168341, "process_mem_max_rss": "216809472", "process_out_blocks": "0", "process_user_time": 0.866352}
[0m18:56:37.951994 [debug] [MainThread]: Command `dbt init` succeeded at 18:56:37.951900 after 124.73 seconds
[0m18:56:37.952340 [debug] [MainThread]: Sending event: {'category': 'dbt', 'action': 'invocation', 'label': 'end', 'context': [<snowplow_tracker.self_describing_json.SelfDescribingJson object at 0x11730d220>, <snowplow_tracker.self_describing_json.SelfDescribingJson object at 0x10d111fd0>, <snowplow_tracker.self_describing_json.SelfDescribingJson object at 0x1173b46b0>]}
[0m18:56:37.952696 [debug] [MainThread]: Flushing usage events
[0m18:56:38.391065 [debug] [MainThread]: An error was encountered while trying to flush usage events
[0m18:56:47.365660 [debug] [MainThread]: Sending event: {'category': 'dbt', 'action': 'invocation', 'label': 'start', 'context': [<snowplow_tracker.self_describing_json.SelfDescribingJson object at 0x10a26a7b0>, <snowplow_tracker.self_describing_json.SelfDescribingJson object at 0x10b41f610>, <snowplow_tracker.self_describing_json.SelfDescribingJson object at 0x10b41f890>]}


============================== 18:56:47.367889 | 149e48b6-02b6-443b-b61d-b9b84d68959f ==============================
[0m18:56:47.367889 [info ] [MainThread]: Running with dbt=1.11.12
[0m18:56:47.368135 [debug] [MainThread]: running dbt with arguments {'printer_width': '80', 'cache_selected_only': 'False', 'log_cache_events': 'False', 'invocation_command': 'dbt debug', 'partial_parse': 'True', 'empty': 'None', 'log_format': 'default', 'warn_error_options': 'WarnErrorOptionsV2(error=[], warn=[], silence=[])', 'use_experimental_parser': 'False', 'no_print': 'None', 'profiles_dir': '/Users/dg03/.dbt', 'fail_fast': 'False', 'warn_error': 'None', 'use_colors': 'True', 'introspect': 'True', 'quiet': 'False', 'send_anonymous_usage_stats': 'True', 'debug': 'False', 'write_json': 'True', 'indirect_selection': 'eager', 'static_parser': 'True', 'target_path': 'None', 'log_path': 'logs', 'version_check': 'True'}
[0m18:56:47.374698 [info ] [MainThread]: dbt version: 1.11.12
[0m18:56:47.374869 [info ] [MainThread]: python version: 3.13.14
[0m18:56:47.374985 [info ] [MainThread]: python path: /Users/dg03/Desktop/Projects-Repos/gharchive-pipeline/venv/bin/python3.13
[0m18:56:47.375091 [info ] [MainThread]: os info: macOS-26.5.2-arm64-arm-64bit-Mach-O
[0m18:56:47.817552 [info ] [MainThread]: Using profiles dir at /Users/dg03/.dbt
[0m18:56:47.817777 [info ] [MainThread]: Using profiles.yml file at /Users/dg03/.dbt/profiles.yml
[0m18:56:47.817905 [info ] [MainThread]: Using dbt_project.yml file at /Users/dg03/Desktop/Projects-Repos/gharchive-pipeline/dbt_project.yml
[0m18:56:47.818015 [info ] [MainThread]: adapter type: bigquery
[0m18:56:47.818115 [info ] [MainThread]: adapter version: 1.11.3
[0m18:56:47.818227 [info ] [MainThread]: Configuration:
[0m18:56:47.818324 [info ] [MainThread]:   profiles.yml file [[32mOK found and valid[0m]
[0m18:56:47.818421 [info ] [MainThread]:   dbt_project.yml file [[31mERROR not found[0m]
[0m18:56:47.818520 [info ] [MainThread]: Required dependencies:
[0m18:56:47.818662 [debug] [MainThread]: Executing "git --help"
[0m18:56:47.831342 [debug] [MainThread]: STDOUT: "b"usage: git [-v | --version] [-h | --help] [-C <path>] [-c <name>=<value>]\n           [--exec-path[=<path>]] [--html-path] [--man-path] [--info-path]\n           [-p | --paginate | -P | --no-pager] [--no-replace-objects] [--no-lazy-fetch]\n           [--no-optional-locks] [--no-advice] [--bare] [--git-dir=<path>]\n           [--work-tree=<path>] [--namespace=<name>] [--config-env=<name>=<envvar>]\n           <command> [<args>]\n\nThese are common Git commands used in various situations:\n\nstart a working area (see also: git help tutorial)\n   clone      Clone a repository into a new directory\n   init       Create an empty Git repository or reinitialize an existing one\n\nwork on the current change (see also: git help everyday)\n   add        Add file contents to the index\n   mv         Move or rename a file, a directory, or a symlink\n   restore    Restore working tree files\n   rm         Remove files from the working tree and from the index\n\nexamine the history and state (see also: git help revisions)\n   bisect     Use binary search to find the commit that introduced a bug\n   diff       Show changes between commits, commit and working tree, etc\n   grep       Print lines matching a pattern\n   log        Show commit logs\n   show       Show various types of objects\n   status     Show the working tree status\n\ngrow, mark and tweak your common history\n   backfill   Download missing objects in a partial clone\n   branch     List, create, or delete branches\n   commit     Record changes to the repository\n   merge      Join two or more development histories together\n   rebase     Reapply commits on top of another base tip\n   reset      Reset current HEAD to the specified state\n   switch     Switch branches\n   tag        Create, list, delete or verify a tag object signed with GPG\n\ncollaborate (see also: git help workflows)\n   fetch      Download objects and refs from another repository\n   pull       Fetch from and integrate with another repository or a local branch\n   push       Update remote refs along with associated objects\n\n'git help -a' and 'git help -g' list available subcommands and some\nconcept guides. See 'git help <command>' or 'git help <concept>'\nto read about a specific subcommand or concept.\nSee 'git help git' for an overview of the system.\n""
[0m18:56:47.831780 [debug] [MainThread]: STDERR: "b''"
[0m18:56:47.831930 [info ] [MainThread]:  - git [[32mOK found[0m]

[0m18:56:47.832058 [info ] [MainThread]: Connection:
[0m18:56:47.832212 [info ] [MainThread]:   method: oauth
[0m18:56:47.832319 [info ] [MainThread]:   database: gharchive-pipeline
[0m18:56:47.832420 [info ] [MainThread]:   execution_project: gharchive-pipeline
[0m18:56:47.832513 [info ] [MainThread]:   schema: gharchive_dbt
[0m18:56:47.832608 [info ] [MainThread]:   location: US
[0m18:56:47.832702 [info ] [MainThread]:   priority: interactive
[0m18:56:47.832796 [info ] [MainThread]:   maximum_bytes_billed: None
[0m18:56:47.832890 [info ] [MainThread]:   impersonate_service_account: None
[0m18:56:47.832982 [info ] [MainThread]:   job_retry_deadline_seconds: None
[0m18:56:47.833073 [info ] [MainThread]:   job_retries: 1
[0m18:56:47.833166 [info ] [MainThread]:   job_creation_timeout_seconds: None
[0m18:56:47.833256 [info ] [MainThread]:   job_execution_timeout_seconds: 300
[0m18:56:47.833346 [info ] [MainThread]:   timeout_seconds: 300
[0m18:56:47.833439 [info ] [MainThread]:   client_id: None
[0m18:56:47.833529 [info ] [MainThread]:   token_uri: None
[0m18:56:47.833622 [info ] [MainThread]:   compute_region: None
[0m18:56:47.833712 [info ] [MainThread]:   dataproc_cluster_name: None
[0m18:56:47.833802 [info ] [MainThread]:   gcs_bucket: None
[0m18:56:47.833894 [info ] [MainThread]:   dataproc_batch: None
[0m18:56:47.834173 [info ] [MainThread]: Registered adapter: bigquery=1.11.3
[0m18:56:48.106746 [debug] [MainThread]: Acquiring new bigquery connection 'debug'
[0m18:56:48.107055 [debug] [MainThread]: On debug: select 1 as id
[0m18:56:48.107249 [debug] [MainThread]: Opening a new connection, currently in state init
[0m18:56:49.283591 [debug] [MainThread]: BigQuery adapter: https://console.cloud.google.com/bigquery?project=gharchive-pipeline&j=bq:US:a965b1ed-bcb3-4270-9332-68f868fb4888&page=queryresults
[0m18:56:49.473303 [debug] [MainThread]: SQL status: OK in 0.188 seconds
[0m18:56:49.753092 [info ] [MainThread]:   Connection test: [[32mOK connection ok[0m]

[0m18:56:49.754044 [info ] [MainThread]: [31m1 check failed:[0m
[0m18:56:49.754541 [info ] [MainThread]: Project loading failed for the following reason:
 project path </Users/dg03/Desktop/Projects-Repos/gharchive-pipeline/dbt_project.yml> not found

[0m18:56:49.763327 [debug] [MainThread]: Resource report: {"command_name": "debug", "command_success": false, "command_wall_clock_time": 2.426452, "process_in_blocks": "0", "process_kernel_time": 0.222395, "process_mem_max_rss": "228671488", "process_out_blocks": "0", "process_user_time": 0.945806}
[0m18:56:49.764404 [debug] [MainThread]: Command `dbt debug` failed at 18:56:49.764215 after 2.43 seconds
[0m18:56:49.765153 [debug] [MainThread]: Connection 'debug' was properly closed.
[0m18:56:49.765722 [debug] [MainThread]: Sending event: {'category': 'dbt', 'action': 'invocation', 'label': 'end', 'context': [<snowplow_tracker.self_describing_json.SelfDescribingJson object at 0x1155af230>, <snowplow_tracker.self_describing_json.SelfDescribingJson object at 0x1156120f0>, <snowplow_tracker.self_describing_json.SelfDescribingJson object at 0x11558cc00>]}
[0m18:56:49.766268 [debug] [MainThread]: Flushing usage events
[0m18:56:49.979310 [debug] [MainThread]: An error was encountered while trying to flush usage events
